# JRE version: Java(TM) SE Runtime Environment (8.0_281-b09) (build 1.8.0_281-b09)
# Java VM: Java HotSpot(TM) 64-Bit Server VM (25.281-b09 mixed mode windows-amd64 compressed oops)
Heap:
 PSYoungGen      total 485888K, used 422304K [0x00000000d5580000, 0x00000000f5c80000, 0x0000000100000000)
  eden space 462848K, 86% used [0x00000000d5580000,0x00000000edb6c4c8,0x00000000f1980000)
  from space 23040K, 99% used [0x00000000f4600000,0x00000000f5c7beb8,0x00000000f5c80000)
  to   space 30720K, 0% used [0x00000000f2080000,0x00000000f2080000,0x00000000f3e80000)
 ParOldGen       total 128000K, used 47739K [0x0000000080000000, 0x0000000087d00000, 0x00000000d5580000)
  object space 128000K, 37% used [0x0000000080000000,0x0000000082e9ef30,0x0000000087d00000)
 Metaspace       used 92101K, capacity 97606K, committed 97880K, reserved 1134592K
  class space    used 12696K, capacity 13676K, committed 13696K, reserved 1048576K
GC Heap History (10 events):
Event: 6.279 GC heap before
{Heap before GC invocations=9 (full 2):
 PSYoungGen      total 271360K, used 8253K [0x00000000d5580000, 0x00000000eda00000, 0x0000000100000000)
  eden space 257024K, 0% used [0x00000000d5580000,0x00000000d5580000,0x00000000e5080000)
  from space 14336K, 57% used [0x00000000e5080000,0x00000000e588f5d8,0x00000000e5e80000)
  to   space 13312K, 0% used [0x00000000ecd00000,0x00000000ecd00000,0x00000000eda00000)
 ParOldGen       total 57344K, used 10240K [0x0000000080000000, 0x0000000083800000, 0x00000000d5580000)
  object space 57344K, 17% used [0x0000000080000000,0x0000000080a00170,0x0000000083800000)
 Metaspace       used 33872K, capacity 35380K, committed 35416K, reserved 1079296K
  class space    used 4870K, capacity 5219K, committed 5248K, reserved 1048576K
Event: 6.352 GC heap after
Heap after GC invocations=9 (full 2):
 PSYoungGen      total 271360K, used 0K [0x00000000d5580000, 0x00000000eda00000, 0x0000000100000000)
  eden space 257024K, 0% used [0x00000000d5580000,0x00000000d5580000,0x00000000e5080000)
  from space 14336K, 0% used [0x00000000e5080000,0x00000000e5080000,0x00000000e5e80000)
  to   space 13312K, 0% used [0x00000000ecd00000,0x00000000ecd00000,0x00000000eda00000)
 ParOldGen       total 83968K, used 15193K [0x0000000080000000, 0x0000000085200000, 0x00000000d5580000)
  object space 83968K, 18% used [0x0000000080000000,0x0000000080ed66b0,0x0000000085200000)
 Metaspace       used 33872K, capacity 35380K, committed 35416K, reserved 1079296K
  class space    used 4870K, capacity 5219K, committed 5248K, reserved 1048576K
}
Event: 10.052 GC heap before
{Heap before GC invocations=10 (full 2):
 PSYoungGen      total 271360K, used 257024K [0x00000000d5580000, 0x00000000eda00000, 0x0000000100000000)
  eden space 257024K, 100% used [0x00000000d5580000,0x00000000e5080000,0x00000000e5080000)
  from space 14336K, 0% used [0x00000000e5080000,0x00000000e5080000,0x00000000e5e80000)
  to   space 13312K, 0% used [0x00000000ecd00000,0x00000000ecd00000,0x00000000eda00000)
 ParOldGen       total 83968K, used 15193K [0x0000000080000000, 0x0000000085200000, 0x00000000d5580000)
  object space 83968K, 18% used [0x0000000080000000,0x0000000080ed66b0,0x0000000085200000)
 Metaspace       used 47577K, capacity 50156K, committed 50392K, reserved 1093632K
  class space    used 6632K, capacity 7100K, committed 7168K, reserved 1048576K
Event: 10.099 GC heap after
Heap after GC invocations=10 (full 2):
 PSYoungGen      total 378880K, used 13281K [0x00000000d5580000, 0x00000000ef000000, 0x0000000100000000)
  eden space 365568K, 0% used [0x00000000d5580000,0x00000000d5580000,0x00000000eba80000)
  from space 13312K, 99% used [0x00000000ecd00000,0x00000000ed9f86a0,0x00000000eda00000)
  to   space 18944K, 0% used [0x00000000eba80000,0x00000000eba80000,0x00000000ecd00000)
 ParOldGen       total 83968K, used 24013K [0x0000000080000000, 0x0000000085200000, 0x00000000d5580000)
  object space 83968K, 28% used [0x0000000080000000,0x00000000817736d0,0x0000000085200000)
 Metaspace       used 47577K, capacity 50156K, committed 50392K, reserved 1093632K
  class space    used 6632K, capacity 7100K, committed 7168K, reserved 1048576K
}
Event: 11.822 GC heap before
{Heap before GC invocations=11 (full 2):
 PSYoungGen      total 378880K, used 122373K [0x00000000d5580000, 0x00000000ef000000, 0x0000000100000000)
  eden space 365568K, 29% used [0x00000000d5580000,0x00000000dc008f40,0x00000000eba80000)
  from space 13312K, 99% used [0x00000000ecd00000,0x00000000ed9f86a0,0x00000000eda00000)
  to   space 18944K, 0% used [0x00000000eba80000,0x00000000eba80000,0x00000000ecd00000)
 ParOldGen       total 83968K, used 24013K [0x0000000080000000, 0x0000000085200000, 0x00000000d5580000)
  object space 83968K, 28% used [0x0000000080000000,0x00000000817736d0,0x0000000085200000)
 Metaspace       used 56189K, capacity 58940K, committed 59028K, reserved 1099776K
  class space    used 7791K, capacity 8291K, committed 8320K, reserved 1048576K
Event: 11.898 GC heap after
Heap after GC invocations=11 (full 2):
 PSYoungGen      total 384512K, used 18918K [0x00000000d5580000, 0x00000000f5c80000, 0x0000000100000000)
  eden space 365568K, 0% used [0x00000000d5580000,0x00000000d5580000,0x00000000eba80000)
  from space 18944K, 99% used [0x00000000eba80000,0x00000000eccf9ac0,0x00000000ecd00000)
  to   space 23040K, 0% used [0x00000000f4600000,0x00000000f4600000,0x00000000f5c80000)
 ParOldGen       total 83968K, used 27760K [0x0000000080000000, 0x0000000085200000, 0x00000000d5580000)
  object space 83968K, 33% used [0x0000000080000000,0x0000000081b1c3e0,0x0000000085200000)
 Metaspace       used 56189K, capacity 58940K, committed 59028K, reserved 1099776K
  class space    used 7791K, capacity 8291K, committed 8320K, reserved 1048576K
}
Event: 11.898 GC heap before
{Heap before GC invocations=12 (full 3):
 PSYoungGen      total 384512K, used 18918K [0x00000000d5580000, 0x00000000f5c80000, 0x0000000100000000)
  eden space 365568K, 0% used [0x00000000d5580000,0x00000000d5580000,0x00000000eba80000)
  from space 18944K, 99% used [0x00000000eba80000,0x00000000eccf9ac0,0x00000000ecd00000)
  to   space 23040K, 0% used [0x00000000f4600000,0x00000000f4600000,0x00000000f5c80000)
 ParOldGen       total 83968K, used 27760K [0x0000000080000000, 0x0000000085200000, 0x00000000d5580000)
  object space 83968K, 33% used [0x0000000080000000,0x0000000081b1c3e0,0x0000000085200000)
 Metaspace       used 56189K, capacity 58940K, committed 59028K, reserved 1099776K
  class space    used 7791K, capacity 8291K, committed 8320K, reserved 1048576K
Event: 12.191 GC heap after
Heap after GC invocations=12 (full 3):
 PSYoungGen      total 384512K, used 0K [0x00000000d5580000, 0x00000000f5c80000, 0x0000000100000000)
  eden space 365568K, 0% used [0x00000000d5580000,0x00000000d5580000,0x00000000eba80000)
  from space 18944K, 0% used [0x00000000eba80000,0x00000000eba80000,0x00000000ecd00000)
  to   space 23040K, 0% used [0x00000000f4600000,0x00000000f4600000,0x00000000f5c80000)
 ParOldGen       total 128000K, used 35482K [0x0000000080000000, 0x0000000087d00000, 0x00000000d5580000)
  object space 128000K, 27% used [0x0000000080000000,0x00000000822a6890,0x0000000087d00000)
 Metaspace       used 56166K, capacity 58862K, committed 59028K, reserved 1099776K
  class space    used 7783K, capacity 8278K, committed 8320K, reserved 1048576K
}
Event: 18.743 GC heap before
{Heap before GC invocations=13 (full 3):
 PSYoungGen      total 384512K, used 365568K [0x00000000d5580000, 0x00000000f5c80000, 0x0000000100000000)
  eden space 365568K, 100% used [0x00000000d5580000,0x00000000eba80000,0x00000000eba80000)
  from space 18944K, 0% used [0x00000000eba80000,0x00000000eba80000,0x00000000ecd00000)
  to   space 23040K, 0% used [0x00000000f4600000,0x00000000f4600000,0x00000000f5c80000)
 ParOldGen       total 128000K, used 35482K [0x0000000080000000, 0x0000000087d00000, 0x00000000d5580000)
  object space 128000K, 27% used [0x0000000080000000,0x00000000822a6890,0x0000000087d00000)
 Metaspace       used 78486K, capacity 82656K, committed 82904K, reserved 1120256K
  class space    used 10922K, capacity 11719K, committed 11776K, reserved 1048576K
Event: 18.892 GC heap after
Heap after GC invocations=13 (full 3):
 PSYoungGen      total 485888K, used 23023K [0x00000000d5580000, 0x00000000f5c80000, 0x0000000100000000)
  eden space 462848K, 0% used [0x00000000d5580000,0x00000000d5580000,0x00000000f1980000)
  from space 23040K, 99% used [0x00000000f4600000,0x00000000f5c7beb8,0x00000000f5c80000)
  to   space 30720K, 0% used [0x00000000f2080000,0x00000000f2080000,0x00000000f3e80000)
 ParOldGen       total 128000K, used 47739K [0x0000000080000000, 0x0000000087d00000, 0x00000000d5580000)
  object space 128000K, 37% used [0x0000000080000000,0x0000000082e9ef30,0x0000000087d00000)
 Metaspace       used 78486K, capacity 82656K, committed 82904K, reserved 1120256K
  class space    used 10922K, capacity 11719K, committed 11776K, reserved 1048576K
}

